<?xml version="1.0" encoding="UTF-8"?>
<!-- Generated by org.testng.reporters.JUnitReportReporter -->
<testsuite skipped="0" hostname="DESKTOP-0FSG9OD" name="testMethods.GoogleTest" tests="1" failures="0" timestamp="19 Mar 2020 15:07:15 GMT" time="17.224" errors="0">
  <testcase name="googleSearchTest" time="17.224" classname="testMethods.GoogleTest"/>
</testsuite> <!-- testMethods.GoogleTest -->
